app/build/intermediates/manifest_merge_blame_file/debug/manifest-merger-blame-debug-report.txt
1<?xml version="1.0" encoding="utf-8"?>
2<manifest xmlns:android="http://schemas.android.com/apk/res/android"
3    package="com.example.pickle"
4    android:versionCode="1"
5    android:versionName="1.0" >
6
7    <uses-sdk
8        android:minSdkVersion="16"
8-->src\main\AndroidManifest.xml
9        android:targetSdkVersion="30" />
9-->src\main\AndroidManifest.xml
10    <!--
11         The ACCESS_COARSE/FINE_LOCATION permissions are not required to use
12         Google Maps Android API v2, but you must specify either coarse or fine
13         location permissions for the 'MyLocation' functionality.
14    -->
15    <uses-permission android:name="android.permission.INTERNET" />
15-->src\main\AndroidManifest.xml:9:5-67
15-->src\main\AndroidManifest.xml:9:22-64
16    <uses-permission android:name="android.permission.WRITE_EXTERNAL_STORAGE" />
16-->src\main\AndroidManifest.xml:10:5-81
16-->src\main\AndroidManifest.xml:10:22-78
17    <uses-permission android:name="android.permission.ACCESS_NETWORK_STATE" />
17-->src\main\AndroidManifest.xml:11:5-79
17-->src\main\AndroidManifest.xml:11:22-76
18    <uses-permission android:name="android.permission.ACCESS_COARSE_LOCATION" />
18-->src\main\AndroidManifest.xml:12:5-81
18-->src\main\AndroidManifest.xml:12:22-78
19    <uses-permission android:name="android.permission.ACCESS_FINE_LOCATION" />
19-->src\main\AndroidManifest.xml:13:5-79
19-->src\main\AndroidManifest.xml:13:22-76
20
21    <uses-feature
21-->src\main\AndroidManifest.xml:15:5-17:35
22        android:glEsVersion="0x00020000"
22-->src\main\AndroidManifest.xml:16:9-41
23        android:required="true" />
23-->src\main\AndroidManifest.xml:17:9-32
24
25    <queries>
25-->[com.google.android.gms:play-services-maps:17.0.1] AndroidManifest.xml:30:5-34:15
26
27        <!-- Needs to be explicitly declared on Android R+ -->
28        <package android:name="com.google.android.apps.maps" />
28-->[com.google.android.gms:play-services-maps:17.0.1] AndroidManifest.xml:33:9-64
28-->[com.google.android.gms:play-services-maps:17.0.1] AndroidManifest.xml:33:18-61
29    </queries>
30
31    <application
31-->src\main\AndroidManifest.xml:19:5-53:19
32        android:allowBackup="true"
32-->src\main\AndroidManifest.xml:20:9-35
33        android:appComponentFactory="androidx.core.app.CoreComponentFactory"
33-->[androidx.core:core:1.5.0] AndroidManifest.xml:24:18-86
34        android:debuggable="true"
35        android:icon="@mipmap/ic_launcher"
35-->src\main\AndroidManifest.xml:21:9-43
36        android:label="@string/app_name"
36-->src\main\AndroidManifest.xml:22:9-41
37        android:roundIcon="@mipmap/ic_launcher_round"
37-->src\main\AndroidManifest.xml:23:9-54
38        android:supportsRtl="true"
38-->src\main\AndroidManifest.xml:24:9-35
39        android:testOnly="true"
40        android:theme="@style/AppTheme" >
40-->src\main\AndroidManifest.xml:25:9-40
41        <activity android:name="com.example.pickle.ProfileActivity" />
41-->src\main\AndroidManifest.xml:26:9-62
41-->src\main\AndroidManifest.xml:26:19-50
42        <activity android:name="com.example.pickle.LoginActivity" >
42-->src\main\AndroidManifest.xml:27:9-33:20
42-->src\main\AndroidManifest.xml:27:19-48
43            <intent-filter>
43-->src\main\AndroidManifest.xml:28:13-32:29
44                <action android:name="android.intent.action.MAIN" />
44-->src\main\AndroidManifest.xml:29:17-69
44-->src\main\AndroidManifest.xml:29:25-66
45
46                <category android:name="android.intent.category.LAUNCHER" />
46-->src\main\AndroidManifest.xml:31:17-77
46-->src\main\AndroidManifest.xml:31:27-74
47            </intent-filter>
48        </activity>
49
50        <meta-data
50-->src\main\AndroidManifest.xml:35:9-37:55
51            android:name="com.google.android.geo.API_KEY"
51-->src\main\AndroidManifest.xml:36:13-58
52            android:value="@string/google_maps_key" />
52-->src\main\AndroidManifest.xml:37:13-52
53
54        <activity
54-->src\main\AndroidManifest.xml:39:9-41:59
55            android:name="com.example.pickle.MapsActivity"
55-->src\main\AndroidManifest.xml:40:13-41
56            android:label="@string/title_activity_maps" />
56-->src\main\AndroidManifest.xml:41:13-56
57
58        <meta-data
58-->src\main\AndroidManifest.xml:43:9-45:69
59            android:name="com.google.android.gms.version"
59-->src\main\AndroidManifest.xml:44:13-58
60            android:value="@integer/google_play_services_version" />
60-->src\main\AndroidManifest.xml:45:13-66
61        <meta-data
61-->src\main\AndroidManifest.xml:46:9-48:57
62            android:name="preloaded_fonts"
62-->src\main\AndroidManifest.xml:47:13-43
63            android:resource="@array/preloaded_fonts" />
63-->src\main\AndroidManifest.xml:48:13-54
64
65        <activity
65-->src\main\AndroidManifest.xml:50:9-52:58
66            android:name="com.example.pickle.CreateMeetActivity"
66-->src\main\AndroidManifest.xml:51:13-47
67            android:windowSoftInputMode="adjustResize" />
67-->src\main\AndroidManifest.xml:52:13-55
68        <!-- Needs to be explicitly declared on P+ -->
69        <uses-library
69-->[com.google.android.gms:play-services-maps:17.0.1] AndroidManifest.xml:39:9-41:40
70            android:name="org.apache.http.legacy"
70-->[com.google.android.gms:play-services-maps:17.0.1] AndroidManifest.xml:40:13-50
71            android:required="false" />
71-->[com.google.android.gms:play-services-maps:17.0.1] AndroidManifest.xml:41:13-37
72
73        <activity
73-->[com.google.android.gms:play-services-base:17.0.0] AndroidManifest.xml:23:9-26:75
74            android:name="com.google.android.gms.common.api.GoogleApiActivity"
74-->[com.google.android.gms:play-services-base:17.0.0] AndroidManifest.xml:24:13-79
75            android:exported="false"
75-->[com.google.android.gms:play-services-base:17.0.0] AndroidManifest.xml:25:13-37
76            android:theme="@android:style/Theme.Translucent.NoTitleBar" />
76-->[com.google.android.gms:play-services-base:17.0.0] AndroidManifest.xml:26:13-72
77    </application>
78
79</manifest>